1551922933398:add 1 2
1551922944102:help
1551922964809:add
1551922978974:stacktrace
1551923704987:help
1551923712579:play 0
1551923716129:play 4
1551923718794:play 8
1551923721486:plau 9
1551923733986:play 9
1551923818978:play -1
1551925969125:2
1551925973938:play 2
1551926017424:play 5
1551926487770:play 3
1551926545489:play 4
1551926646044:5
1551926657125:play 5
1551927037749:play 3
1551927072967:play 4
1551927215529:play 3
1551927222940:play 9
1551927227766:play 2
1551927231371:play 1
1551927237993:play 8
1551927242969:play 0
1551927250664:play 5
1551927264061:play 7
1551927268601:play 6
1551927273053:play
1551928740162:p 4
1551928748115:p0
1551928750862:p 0
1551928757042:p 5
1551928761177:p3
1551928762482:p 3
1551928770513:p 6
1551928778176:p 2
1551928781980:p 1
1551928785360:p 8
1551928788919:p 7
1551928795006:p 5
1551930287325:r
1551930383389:p 0
1551930392824:r
1551930434344:p 4
1551930520136:p
1551930522306:r
1551931709150:p 8
1551931714493:exit
1551932274808:r
1551932403781:stacktrace
1551932592906:r
1551932608625:exit
1551932644824:r
1551932660821:p 6
1551932666944:r
1551932688104:p 7
1551932690556:r
1551932698934:p 7
1551966131308:help
1551966166804:r
1552009994591:exit
